\BOOKMARK [1][-]{section.1}{Introduction}{}% 1
\BOOKMARK [1][-]{section.2}{Data Preprocessing}{}% 2
\BOOKMARK [2][-]{subsection.2.1}{*-top* Files Only}{section.2}% 3
\BOOKMARK [2][-]{subsection.2.2}{Raw File Text Precessing}{section.2}% 4
\BOOKMARK [3][-]{subsubsection.2.2.1}{Step 1 - Split Word By Space}{subsection.2.2}% 5
\BOOKMARK [3][-]{subsubsection.2.2.2}{Step 2 - Reduce Redundancy}{subsection.2.2}% 6
\BOOKMARK [3][-]{subsubsection.2.2.3}{Step 3 - Reduce Sample Size}{subsection.2.2}% 7
\BOOKMARK [1][-]{section.3}{Feature Engineering}{}% 8
\BOOKMARK [2][-]{subsection.3.1}{Frequency Based}{section.3}% 9
\BOOKMARK [2][-]{subsection.3.2}{TF-IDF}{section.3}% 10
\BOOKMARK [1][-]{section.4}{Models}{}% 11
\BOOKMARK [2][-]{subsection.4.1}{Classical Statistical Approach}{section.4}% 12
\BOOKMARK [3][-]{subsubsection.4.1.1}{Multinomial Naive Bayes \(sklearn\)}{subsection.4.1}% 13
\BOOKMARK [3][-]{subsubsection.4.1.2}{Logistic Regression \(sklearn\)}{subsection.4.1}% 14
\BOOKMARK [3][-]{subsubsection.4.1.3}{Random Forest \(sklearn\)}{subsection.4.1}% 15
\BOOKMARK [3][-]{subsubsection.4.1.4}{Voting \(sklearn\)}{subsection.4.1}% 16
\BOOKMARK [2][-]{subsection.4.2}{Deep Learning}{section.4}% 17
\BOOKMARK [3][-]{subsubsection.4.2.1}{Feedforward Neural Network \(Keras+Tensorflow\)}{subsection.4.2}% 18
\BOOKMARK [3][-]{subsubsection.4.2.2}{Word Embedding \(Keras+Tensorflow\)}{subsection.4.2}% 19
\BOOKMARK [1][-]{section.5}{Conclusions}{}% 20
